app/build/outputs/logs/manifest-merger-debug-report.txt
-- Merging decision tree log ---
manifest
ADDED from src\main\AndroidManifest.xml:2:1-51:12
	package
		ADDED from src\main\AndroidManifest.xml:3:5-43
		INJECTED from src\main\AndroidManifest.xml
		INJECTED from src\main\AndroidManifest.xml
	android:versionName
		ADDED from src\main\AndroidManifest.xml:5:5-30
	android:versionCode
		ADDED from src\main\AndroidManifest.xml:4:5-28
		INJECTED from src\main\AndroidManifest.xml
		INJECTED from src\main\AndroidManifest.xml
	xmlns:android
		ADDED from src\main\AndroidManifest.xml:2:11-69
uses-sdk
ADDED from src\main\AndroidManifest.xml:7:5-9:41
	android:targetSdkVersion
		ADDED from src\main\AndroidManifest.xml:9:9-38
		INJECTED from src\main\AndroidManifest.xml
		INJECTED from src\main\AndroidManifest.xml
	android:minSdkVersion
		ADDED from src\main\AndroidManifest.xml:8:9-34
		INJECTED from src\main\AndroidManifest.xml
		INJECTED from src\main\AndroidManifest.xml
uses-permission#android.permission.INTERNET
ADDED from src\main\AndroidManifest.xml:11:5-67
	android:name
		ADDED from src\main\AndroidManifest.xml:11:22-64
application
ADDED from src\main\AndroidManifest.xml:13:5-33:19
	android:label
		ADDED from src\main\AndroidManifest.xml:16:9-41
	android:allowBackup
		ADDED from src\main\AndroidManifest.xml:14:9-35
	android:icon
		ADDED from src\main\AndroidManifest.xml:15:9-41
	android:theme
		ADDED from src\main\AndroidManifest.xml:17:9-40
uses-library#android.test.runner
ADDED from src\main\AndroidManifest.xml:20:9-60
	android:name
		ADDED from src\main\AndroidManifest.xml:20:23-57
activity#com.example.android_robot_01.MainActivity
ADDED from src\main\AndroidManifest.xml:23:9-32:20
	android:label
		ADDED from src\main\AndroidManifest.xml:25:13-45
	android:windowSoftInputMode
		ADDED from src\main\AndroidManifest.xml:26:13-64
	android:name
		ADDED from src\main\AndroidManifest.xml:24:13-69
intent-filter#android.intent.action.MAIN+android.intent.category.LAUNCHER
ADDED from src\main\AndroidManifest.xml:27:13-31:29
action#android.intent.action.MAIN
ADDED from src\main\AndroidManifest.xml:28:17-69
	android:name
		ADDED from src\main\AndroidManifest.xml:28:25-66
category#android.intent.category.LAUNCHER
ADDED from src\main\AndroidManifest.xml:30:17-77
	android:name
		ADDED from src\main\AndroidManifest.xml:30:27-74
instrumentation#android.test.InstrumentationTestRunner
ADDED from src\main\AndroidManifest.xml:36:5-40:23
	android:label
		ADDED from src\main\AndroidManifest.xml:38:9-40
	android:targetPackage
		ADDED from src\main\AndroidManifest.xml:39:9-61
	android:name
		ADDED from src\main\AndroidManifest.xml:37:9-62
uses-permission#android.permission.ACCESS_NETWORK_STATE
ADDED from src\main\AndroidManifest.xml:45:2-76
	android:name
		ADDED from src\main\AndroidManifest.xml:45:19-73
uses-permission#android.permission.ACCESS_WIFI_STATE
ADDED from src\main\AndroidManifest.xml:46:2-73
	android:name
		ADDED from src\main\AndroidManifest.xml:46:19-70
uses-permission#android.permission.RECORD_AUDIO
ADDED from src\main\AndroidManifest.xml:47:2-68
	android:name
		ADDED from src\main\AndroidManifest.xml:47:19-65
uses-permission#android.permission.WRITE_EXTERNAL_STORAGE
ADDED from src\main\AndroidManifest.xml:48:2-78
	android:name
		ADDED from src\main\AndroidManifest.xml:48:19-75